2022-09-03 01:19:22,635 : [INFO] : [31m[1mWARNING: This is a development server. Do not use it in a production deployment. Use a production WSGI server instead.[0m
 * Running on http://127.0.0.1:5000
2022-09-03 01:19:22,636 : [INFO] : [33mPress CTRL+C to quit[0m
2022-09-03 01:20:27,578 : [INFO] : [31m[1mWARNING: This is a development server. Do not use it in a production deployment. Use a production WSGI server instead.[0m
 * Running on http://127.0.0.1:5000
2022-09-03 01:20:27,578 : [INFO] : [33mPress CTRL+C to quit[0m
2022-09-03 02:05:50,644 : [INFO] : All Api
2022-09-03 02:17:00,343 [INFO] Api with PK
2022-09-04 02:12:34,151 :: [INFO] :: All Api :: C:\Users\Михаил\PycharmProjects\coursework_3\api\utils.py
2022-09-05 00:58:39,099 :: [INFO] :: Api with PK :: C:\Users\Михаил\PycharmProjects\coursework_3\api\utils.py
2022-09-07 23:36:49,069 :: [INFO] :: Api with PK :: C:\Users\Михаил\PycharmProjects\coursework_3\app\api\utils.py
2022-09-09 15:38:08,401 :: [INFO] :: All Api :: C:\Users\Михаил\PycharmProjects\coursework_3\app\api\utils.py
2022-09-09 15:39:08,141 :: [INFO] :: All Api :: C:\Users\Михаил\PycharmProjects\coursework_3\app\api\utils.py
2022-09-09 15:39:47,583 :: [INFO] :: All Api :: C:\Users\Михаил\PycharmProjects\coursework_3\app\api\utils.py
2022-09-09 15:40:01,856 :: [INFO] :: All Api :: C:\Users\Михаил\PycharmProjects\coursework_3\app\api\utils.py
2022-09-09 15:40:24,736 :: [INFO] :: All Api :: C:\Users\Михаил\PycharmProjects\coursework_3\app\api\utils.py
2022-09-09 15:43:14,822 :: [INFO] :: All Api :: C:\Users\Михаил\PycharmProjects\coursework_3\app\api\utils.py
2022-09-09 15:44:44,791 :: [INFO] :: All Api :: C:\Users\Михаил\PycharmProjects\coursework_3\app\api\utils.py
2022-09-09 15:47:45,926 :: [INFO] :: All Api :: C:\Users\Михаил\PycharmProjects\coursework_3\app\api\utils.py
2022-09-09 15:48:26,806 :: [INFO] :: All Api :: C:\Users\Михаил\PycharmProjects\coursework_3\app\api\utils.py
2022-09-09 15:52:00,529 :: [INFO] :: All Api :: C:\Users\Михаил\PycharmProjects\coursework_3\app\api\utils.py
2022-09-09 16:07:08,061 :: [INFO] :: All Api :: C:\Users\Михаил\PycharmProjects\coursework_3\app\api\utils.py
2022-09-09 16:09:29,217 :: [INFO] :: All Api :: C:\Users\Михаил\PycharmProjects\coursework_3\app\api\utils.py
2022-09-09 16:24:46,815 :: [INFO] :: All Api :: C:\Users\Михаил\PycharmProjects\coursework_3\app\api\utils.py
2022-09-09 16:24:46,821 :: [INFO] :: Api with PK :: C:\Users\Михаил\PycharmProjects\coursework_3\app\api\utils.py
2022-09-09 16:25:15,663 :: [INFO] :: All Api :: C:\Users\Михаил\PycharmProjects\coursework_3\app\api\utils.py
2022-09-09 16:25:15,669 :: [INFO] :: Api with PK :: C:\Users\Михаил\PycharmProjects\coursework_3\app\api\utils.py
2022-09-09 16:25:26,152 :: [INFO] :: Api with PK :: C:\Users\Михаил\PycharmProjects\coursework_3\app\api\utils.py
2022-09-09 16:25:44,476 :: [INFO] :: All Api :: C:\Users\Михаил\PycharmProjects\coursework_3\app\api\utils.py
2022-09-09 16:25:44,483 :: [INFO] :: Api with PK :: C:\Users\Михаил\PycharmProjects\coursework_3\app\api\utils.py
2022-09-09 16:27:08,722 :: [INFO] :: All Api :: C:\Users\Михаил\PycharmProjects\coursework_3\app\api\utils.py
2022-09-09 16:27:08,728 :: [INFO] :: Api with PK :: C:\Users\Михаил\PycharmProjects\coursework_3\app\api\utils.py
2022-09-09 16:50:09,006 :: [INFO] :: All Api :: C:\Users\Михаил\PycharmProjects\coursework_3\app\api\utils.py
2022-09-09 16:50:09,013 :: [INFO] :: Api with PK :: C:\Users\Михаил\PycharmProjects\coursework_3\app\api\utils.py
