2022-09-03 00:31:15,216 : [INFO] : [31m[1mWARNING: This is a development server. Do not use it in a production deployment. Use a production WSGI server instead.[0m
 * Running on http://127.0.0.1:5000
2022-09-03 00:31:15,216 : [INFO] : [33mPress CTRL+C to quit[0m
2022-09-03 00:31:23,570 : [INFO] : 127.0.0.1 - - [03/Sep/2022 00:31:23] "GET / HTTP/1.1" 200 -
2022-09-03 00:31:23,824 : [INFO] : 127.0.0.1 - - [03/Sep/2022 00:31:23] "[36mGET /static/css/styles.min.css HTTP/1.1[0m" 304 -
2022-09-03 00:31:23,826 : [INFO] : 127.0.0.1 - - [03/Sep/2022 00:31:23] "[36mGET /static/img/eye.png HTTP/1.1[0m" 304 -
2022-09-03 00:31:23,827 : [INFO] : 127.0.0.1 - - [03/Sep/2022 00:31:23] "[36mGET /static/img/bookmark.png HTTP/1.1[0m" 304 -
2022-09-03 00:32:30,924 : [INFO] : 127.0.0.1 - - [03/Sep/2022 00:32:30] "GET /api/posts HTTP/1.1" 200 -
2022-09-03 02:05:33,520 : [INFO] : Main page start
2022-09-03 02:06:25,019 : [INFO] : Main page start
2022-09-03 02:06:25,019 : [INFO] : Main page start
2022-09-03 02:07:44,093 : [INFO] : Posts with PK
2022-09-03 02:07:48,974 : [INFO] : Post with name
2022-09-03 02:07:53,252 : [INFO] : Main page start
2022-09-03 02:13:27,128 : [INFO] : Main page start
2022-09-03 02:16:41,231 [INFO] Main page start
2022-09-03 02:18:29,297 [INFO] Main page start C:\Users\Михаил\PycharmProjects\coursework_3\posts\posts_utils.py
2022-09-03 02:19:14,491 :: [INFO] :: Post with name :: C:\Users\Михаил\PycharmProjects\coursework_3\posts\posts_utils.py
2022-09-03 14:30:14,247 :: [INFO] :: Main page start :: C:\Users\Михаил\PycharmProjects\coursework_3\posts\posts_utils.py
2022-09-03 14:30:21,209 :: [INFO] :: Posts with PK :: C:\Users\Михаил\PycharmProjects\coursework_3\posts\posts_utils.py
2022-09-03 14:30:29,325 :: [INFO] :: Posts with PK :: C:\Users\Михаил\PycharmProjects\coursework_3\posts\posts_utils.py
2022-09-03 14:30:47,471 :: [INFO] :: Posts with PK :: C:\Users\Михаил\PycharmProjects\coursework_3\posts\posts_utils.py
2022-09-03 14:30:54,729 :: [INFO] :: Post with name :: C:\Users\Михаил\PycharmProjects\coursework_3\posts\posts_utils.py
2022-09-03 14:31:02,307 :: [INFO] :: Posts with PK :: C:\Users\Михаил\PycharmProjects\coursework_3\posts\posts_utils.py
2022-09-03 14:31:13,371 :: [INFO] :: Posts with PK :: C:\Users\Михаил\PycharmProjects\coursework_3\posts\posts_utils.py
2022-09-03 14:32:22,251 :: [INFO] :: Posts with PK :: C:\Users\Михаил\PycharmProjects\coursework_3\posts\posts_utils.py
2022-09-03 14:32:24,527 :: [INFO] :: Posts with PK :: C:\Users\Михаил\PycharmProjects\coursework_3\posts\posts_utils.py
2022-09-03 14:32:28,694 :: [INFO] :: Post with name :: C:\Users\Михаил\PycharmProjects\coursework_3\posts\posts_utils.py
2022-09-03 14:32:35,027 :: [INFO] :: Posts with PK :: C:\Users\Михаил\PycharmProjects\coursework_3\posts\posts_utils.py
2022-09-03 14:33:53,515 :: [INFO] :: Post with name :: C:\Users\Михаил\PycharmProjects\coursework_3\posts\posts_utils.py
2022-09-03 14:33:59,623 :: [INFO] :: Posts with PK :: C:\Users\Михаил\PycharmProjects\coursework_3\posts\posts_utils.py
2022-09-03 14:34:21,900 :: [INFO] :: Posts with PK :: C:\Users\Михаил\PycharmProjects\coursework_3\posts\posts_utils.py
2022-09-03 14:35:19,196 :: [INFO] :: Main page start :: C:\Users\Михаил\PycharmProjects\coursework_3\posts\posts_utils.py
2022-09-03 14:35:23,779 :: [INFO] :: Posts with PK :: C:\Users\Михаил\PycharmProjects\coursework_3\posts\posts_utils.py
2022-09-03 14:35:43,760 :: [INFO] :: Post with name :: C:\Users\Михаил\PycharmProjects\coursework_3\posts\posts_utils.py
2022-09-03 14:35:46,360 :: [INFO] :: Posts with PK :: C:\Users\Михаил\PycharmProjects\coursework_3\posts\posts_utils.py
2022-09-03 14:36:28,606 :: [INFO] :: Posts with PK :: C:\Users\Михаил\PycharmProjects\coursework_3\posts\posts_utils.py
2022-09-03 14:36:34,912 :: [INFO] :: Posts with PK :: C:\Users\Михаил\PycharmProjects\coursework_3\posts\posts_utils.py
2022-09-03 14:37:37,512 :: [INFO] :: Posts with PK :: C:\Users\Михаил\PycharmProjects\coursework_3\posts\posts_utils.py
2022-09-03 14:41:04,208 :: [INFO] :: Posts with PK :: C:\Users\Михаил\PycharmProjects\coursework_3\posts\posts_utils.py
2022-09-03 14:41:07,302 :: [INFO] :: Posts with PK :: C:\Users\Михаил\PycharmProjects\coursework_3\posts\posts_utils.py
2022-09-03 14:41:59,084 :: [INFO] :: Posts with PK :: C:\Users\Михаил\PycharmProjects\coursework_3\posts\posts_utils.py
2022-09-03 14:42:03,156 :: [INFO] :: Posts with PK :: C:\Users\Михаил\PycharmProjects\coursework_3\posts\posts_utils.py
2022-09-03 14:50:59,405 :: [INFO] :: Posts with PK :: C:\Users\Михаил\PycharmProjects\coursework_3\posts\posts_utils.py
2022-09-03 14:51:36,739 :: [INFO] :: Posts with PK :: C:\Users\Михаил\PycharmProjects\coursework_3\posts\posts_utils.py
2022-09-03 14:52:48,081 :: [INFO] :: Posts with PK :: C:\Users\Михаил\PycharmProjects\coursework_3\posts\posts_utils.py
2022-09-03 14:52:50,610 :: [INFO] :: Posts with PK :: C:\Users\Михаил\PycharmProjects\coursework_3\posts\posts_utils.py
2022-09-03 14:52:51,867 :: [INFO] :: Main page start :: C:\Users\Михаил\PycharmProjects\coursework_3\posts\posts_utils.py
2022-09-03 14:52:53,400 :: [INFO] :: Posts with PK :: C:\Users\Михаил\PycharmProjects\coursework_3\posts\posts_utils.py
2022-09-03 14:53:04,699 :: [INFO] :: Posts with PK :: C:\Users\Михаил\PycharmProjects\coursework_3\posts\posts_utils.py
2022-09-03 14:53:55,553 :: [INFO] :: Posts with PK :: C:\Users\Михаил\PycharmProjects\coursework_3\posts\posts_utils.py
2022-09-03 14:54:18,137 :: [INFO] :: Post with name :: C:\Users\Михаил\PycharmProjects\coursework_3\posts\posts_utils.py
2022-09-03 14:54:27,872 :: [INFO] :: Posts with PK :: C:\Users\Михаил\PycharmProjects\coursework_3\posts\posts_utils.py
2022-09-03 14:55:10,767 :: [INFO] :: Main page start :: C:\Users\Михаил\PycharmProjects\coursework_3\posts\posts_utils.py
2022-09-03 14:55:12,882 :: [INFO] :: Post with name :: C:\Users\Михаил\PycharmProjects\coursework_3\posts\posts_utils.py
2022-09-03 14:55:15,353 :: [INFO] :: Posts with PK :: C:\Users\Михаил\PycharmProjects\coursework_3\posts\posts_utils.py
2022-09-03 14:56:09,786 :: [INFO] :: Posts with PK :: C:\Users\Михаил\PycharmProjects\coursework_3\posts\posts_utils.py
2022-09-03 14:59:00,995 :: [INFO] :: Posts with PK :: C:\Users\Михаил\PycharmProjects\coursework_3\posts\posts_utils.py
2022-09-03 15:00:02,936 :: [INFO] :: Posts with PK :: C:\Users\Михаил\PycharmProjects\coursework_3\posts\posts_utils.py
2022-09-03 15:00:04,781 :: [INFO] :: Posts with PK :: C:\Users\Михаил\PycharmProjects\coursework_3\posts\posts_utils.py
2022-09-03 15:01:23,327 :: [INFO] :: Posts with PK :: C:\Users\Михаил\PycharmProjects\coursework_3\posts\posts_utils.py
2022-09-03 15:02:49,001 :: [INFO] :: Posts with PK :: C:\Users\Михаил\PycharmProjects\coursework_3\posts\posts_utils.py
2022-09-03 16:04:48,437 :: [INFO] :: Posts with PK :: C:\Users\Михаил\PycharmProjects\coursework_3\posts\posts_utils.py
2022-09-03 16:04:52,997 :: [INFO] :: Posts with PK :: C:\Users\Михаил\PycharmProjects\coursework_3\posts\posts_utils.py
2022-09-03 16:07:42,373 :: [INFO] :: Post with name :: C:\Users\Михаил\PycharmProjects\coursework_3\posts\posts_utils.py
2022-09-03 16:07:45,198 :: [INFO] :: Posts with PK :: C:\Users\Михаил\PycharmProjects\coursework_3\posts\posts_utils.py
2022-09-03 16:08:22,859 :: [INFO] :: Posts with PK :: C:\Users\Михаил\PycharmProjects\coursework_3\posts\posts_utils.py
2022-09-03 16:08:26,425 :: [INFO] :: Posts with PK :: C:\Users\Михаил\PycharmProjects\coursework_3\posts\posts_utils.py
2022-09-03 16:10:15,400 :: [INFO] :: Posts with PK :: C:\Users\Михаил\PycharmProjects\coursework_3\posts\posts_utils.py
2022-09-03 16:11:09,137 :: [INFO] :: Posts with PK :: C:\Users\Михаил\PycharmProjects\coursework_3\posts\posts_utils.py
2022-09-03 16:16:49,828 :: [INFO] :: Posts with PK :: C:\Users\Михаил\PycharmProjects\coursework_3\posts\posts_utils.py
2022-09-03 16:17:22,084 :: [INFO] :: Posts with PK :: C:\Users\Михаил\PycharmProjects\coursework_3\posts\posts_utils.py
2022-09-03 16:17:26,008 :: [INFO] :: Posts with PK :: C:\Users\Михаил\PycharmProjects\coursework_3\posts\posts_utils.py
2022-09-03 16:18:09,346 :: [INFO] :: Posts with PK :: C:\Users\Михаил\PycharmProjects\coursework_3\posts\posts_utils.py
2022-09-03 16:19:34,683 :: [INFO] :: Posts with PK :: C:\Users\Михаил\PycharmProjects\coursework_3\posts\posts_utils.py
2022-09-03 16:20:47,571 :: [INFO] :: Posts with PK :: C:\Users\Михаил\PycharmProjects\coursework_3\posts\posts_utils.py
2022-09-03 16:20:57,331 :: [INFO] :: Posts with PK :: C:\Users\Михаил\PycharmProjects\coursework_3\posts\posts_utils.py
2022-09-03 16:21:03,693 :: [INFO] :: Posts with PK :: C:\Users\Михаил\PycharmProjects\coursework_3\posts\posts_utils.py
2022-09-03 16:22:43,780 :: [INFO] :: Posts with PK :: C:\Users\Михаил\PycharmProjects\coursework_3\posts\posts_utils.py
2022-09-03 16:31:40,942 :: [INFO] :: Posts with PK :: C:\Users\Михаил\PycharmProjects\coursework_3\posts\posts_utils.py
2022-09-03 18:11:44,359 :: [INFO] :: Main page start :: C:\Users\Михаил\PycharmProjects\coursework_3\posts\posts_utils.py
2022-09-03 18:11:50,143 :: [INFO] :: Posts with PK :: C:\Users\Михаил\PycharmProjects\coursework_3\posts\posts_utils.py
2022-09-03 18:29:59,436 :: [INFO] :: Posts with PK :: C:\Users\Михаил\PycharmProjects\coursework_3\posts\posts_utils.py
2022-09-03 21:12:54,561 :: [INFO] :: Posts with PK :: C:\Users\Михаил\PycharmProjects\coursework_3\posts\posts_utils.py
2022-09-03 21:13:04,756 :: [INFO] :: Main page start :: C:\Users\Михаил\PycharmProjects\coursework_3\posts\posts_utils.py
2022-09-03 21:13:27,091 :: [INFO] :: Posts with PK :: C:\Users\Михаил\PycharmProjects\coursework_3\posts\posts_utils.py
2022-09-03 21:13:34,938 :: [INFO] :: Post with name :: C:\Users\Михаил\PycharmProjects\coursework_3\posts\posts_utils.py
2022-09-03 21:13:37,089 :: [INFO] :: Posts with PK :: C:\Users\Михаил\PycharmProjects\coursework_3\posts\posts_utils.py
2022-09-03 21:57:12,096 :: [INFO] :: Main page start :: C:\Users\Михаил\PycharmProjects\coursework_3\posts\posts_utils.py
2022-09-03 21:57:18,737 :: [INFO] :: Post with name :: C:\Users\Михаил\PycharmProjects\coursework_3\posts\posts_utils.py
2022-09-03 21:57:27,262 :: [INFO] :: Main page start :: C:\Users\Михаил\PycharmProjects\coursework_3\posts\posts_utils.py
2022-09-03 21:57:33,883 :: [INFO] :: Search start :: C:\Users\Михаил\PycharmProjects\coursework_3\posts\posts_utils.py
2022-09-03 21:58:00,987 :: [INFO] :: Search start :: C:\Users\Михаил\PycharmProjects\coursework_3\posts\posts_utils.py
2022-09-03 21:58:05,588 :: [INFO] :: Main page start :: C:\Users\Михаил\PycharmProjects\coursework_3\posts\posts_utils.py
2022-09-03 21:58:19,906 :: [INFO] :: Search start :: C:\Users\Михаил\PycharmProjects\coursework_3\posts\posts_utils.py
2022-09-04 00:33:42,793 :: [INFO] :: Main page start :: C:\Users\Михаил\PycharmProjects\coursework_3\posts\posts_utils.py
2022-09-04 00:33:48,374 :: [INFO] :: Posts with PK :: C:\Users\Михаил\PycharmProjects\coursework_3\posts\posts_utils.py
2022-09-04 00:33:58,250 :: [INFO] :: Main page start :: C:\Users\Михаил\PycharmProjects\coursework_3\posts\posts_utils.py
2022-09-04 00:43:51,687 :: [INFO] :: Post with name :: C:\Users\Михаил\PycharmProjects\coursework_3\posts\posts_utils.py
2022-09-04 00:45:38,686 :: [INFO] :: Posts with PK :: C:\Users\Михаил\PycharmProjects\coursework_3\posts\posts_utils.py
2022-09-04 00:46:04,779 :: [INFO] :: Posts with PK :: C:\Users\Михаил\PycharmProjects\coursework_3\posts\posts_utils.py
2022-09-04 00:47:32,674 :: [INFO] :: Posts with PK :: C:\Users\Михаил\PycharmProjects\coursework_3\posts\posts_utils.py
2022-09-04 00:51:07,316 :: [INFO] :: Posts with PK :: C:\Users\Михаил\PycharmProjects\coursework_3\posts\posts_utils.py
2022-09-04 00:52:27,703 :: [INFO] :: Posts with PK :: C:\Users\Михаил\PycharmProjects\coursework_3\posts\posts_utils.py
2022-09-04 01:04:48,727 :: [INFO] :: Posts with PK :: C:\Users\Михаил\PycharmProjects\coursework_3\posts\posts_utils.py
2022-09-04 01:05:31,432 :: [INFO] :: Main page start :: C:\Users\Михаил\PycharmProjects\coursework_3\posts\posts_utils.py
2022-09-04 01:05:44,298 :: [INFO] :: Posts with PK :: C:\Users\Михаил\PycharmProjects\coursework_3\posts\posts_utils.py
2022-09-04 01:20:32,101 :: [INFO] :: Posts with PK :: C:\Users\Михаил\PycharmProjects\coursework_3\posts\posts_utils.py
2022-09-04 01:24:13,419 :: [INFO] :: Posts with PK :: C:\Users\Михаил\PycharmProjects\coursework_3\posts\posts_utils.py
2022-09-04 01:25:04,980 :: [INFO] :: Posts with PK :: C:\Users\Михаил\PycharmProjects\coursework_3\posts\posts_utils.py
2022-09-04 01:26:01,220 :: [INFO] :: Posts with PK :: C:\Users\Михаил\PycharmProjects\coursework_3\posts\posts_utils.py
2022-09-04 01:26:21,069 :: [INFO] :: Main page start :: C:\Users\Михаил\PycharmProjects\coursework_3\posts\posts_utils.py
2022-09-04 01:31:19,194 :: [INFO] :: Posts with PK :: C:\Users\Михаил\PycharmProjects\coursework_3\posts\posts_utils.py
2022-09-04 01:48:17,734 :: [INFO] :: Main page start :: C:\Users\Михаил\PycharmProjects\coursework_3\posts\posts_utils.py
2022-09-04 01:48:19,853 :: [INFO] :: Posts with PK :: C:\Users\Михаил\PycharmProjects\coursework_3\posts\posts_utils.py
2022-09-04 01:49:52,074 :: [INFO] :: Main page start :: C:\Users\Михаил\PycharmProjects\coursework_3\posts\posts_utils.py
2022-09-04 01:49:54,042 :: [INFO] :: Posts with PK :: C:\Users\Михаил\PycharmProjects\coursework_3\posts\posts_utils.py
2022-09-04 01:49:57,041 :: [INFO] :: Main page start :: C:\Users\Михаил\PycharmProjects\coursework_3\posts\posts_utils.py
2022-09-04 01:57:14,502 :: [INFO] :: Posts with PK :: C:\Users\Михаил\PycharmProjects\coursework_3\posts\posts_utils.py
2022-09-04 01:57:21,684 :: [INFO] :: Main page start :: C:\Users\Михаил\PycharmProjects\coursework_3\posts\posts_utils.py
2022-09-04 01:57:30,178 :: [INFO] :: Post with name :: C:\Users\Михаил\PycharmProjects\coursework_3\posts\posts_utils.py
2022-09-04 01:57:32,432 :: [INFO] :: Main page start :: C:\Users\Михаил\PycharmProjects\coursework_3\posts\posts_utils.py
2022-09-04 02:03:37,211 :: [INFO] :: Main page start :: C:\Users\Михаил\PycharmProjects\coursework_3\posts\posts_utils.py
2022-09-04 02:03:50,549 :: [INFO] :: Post with name :: C:\Users\Михаил\PycharmProjects\coursework_3\posts\posts_utils.py
2022-09-04 02:03:54,202 :: [INFO] :: Posts with PK :: C:\Users\Михаил\PycharmProjects\coursework_3\posts\posts_utils.py
2022-09-04 02:03:58,706 :: [INFO] :: Main page start :: C:\Users\Михаил\PycharmProjects\coursework_3\posts\posts_utils.py
2022-09-04 02:04:02,131 :: [INFO] :: Posts with PK :: C:\Users\Михаил\PycharmProjects\coursework_3\posts\posts_utils.py
2022-09-04 02:04:05,604 :: [INFO] :: Post with name :: C:\Users\Михаил\PycharmProjects\coursework_3\posts\posts_utils.py
2022-09-04 02:04:07,876 :: [INFO] :: Posts with PK :: C:\Users\Михаил\PycharmProjects\coursework_3\posts\posts_utils.py
2022-09-04 02:04:15,513 :: [INFO] :: Posts with PK :: C:\Users\Михаил\PycharmProjects\coursework_3\posts\posts_utils.py
2022-09-04 02:07:59,289 :: [INFO] :: Main page start :: C:\Users\Михаил\PycharmProjects\coursework_3\posts\posts_utils.py
2022-09-04 02:08:24,972 :: [INFO] :: Post with name :: C:\Users\Михаил\PycharmProjects\coursework_3\posts\posts_utils.py
2022-09-04 02:09:06,404 :: [INFO] :: Main page start :: C:\Users\Михаил\PycharmProjects\coursework_3\posts\posts_utils.py
2022-09-04 02:09:21,070 :: [INFO] :: Post with name :: C:\Users\Михаил\PycharmProjects\coursework_3\posts\posts_utils.py
2022-09-04 02:09:29,570 :: [INFO] :: Main page start :: C:\Users\Михаил\PycharmProjects\coursework_3\posts\posts_utils.py
2022-09-04 02:09:35,095 :: [INFO] :: Search start :: C:\Users\Михаил\PycharmProjects\coursework_3\posts\posts_utils.py
2022-09-04 02:12:20,596 :: [INFO] :: Main page start :: C:\Users\Михаил\PycharmProjects\coursework_3\posts\posts_utils.py
2022-09-04 02:12:23,747 :: [INFO] :: Posts with PK :: C:\Users\Михаил\PycharmProjects\coursework_3\posts\posts_utils.py
2022-09-04 02:12:27,875 :: [INFO] :: Main page start :: C:\Users\Михаил\PycharmProjects\coursework_3\posts\posts_utils.py
2022-09-04 02:23:48,550 :: [INFO] :: Main page start :: C:\Users\Михаил\PycharmProjects\coursework_3\posts\posts_utils.py
2022-09-04 02:24:17,500 :: [INFO] :: Main page start :: C:\Users\Михаил\PycharmProjects\coursework_3\posts\posts_utils.py
2022-09-04 02:40:12,646 :: [INFO] :: Main page start :: C:\Users\Михаил\PycharmProjects\coursework_3\posts\posts_utils.py
2022-09-04 02:41:19,240 :: [INFO] :: Main page start :: C:\Users\Михаил\PycharmProjects\coursework_3\posts\posts_utils.py
2022-09-04 02:41:45,471 :: [INFO] :: Main page start :: C:\Users\Михаил\PycharmProjects\coursework_3\posts\posts_utils.py
2022-09-04 02:42:19,140 :: [INFO] :: Post with name :: C:\Users\Михаил\PycharmProjects\coursework_3\posts\posts_utils.py
2022-09-04 02:42:27,052 :: [INFO] :: Main page start :: C:\Users\Михаил\PycharmProjects\coursework_3\posts\posts_utils.py
2022-09-04 02:42:56,552 :: [INFO] :: Posts with PK :: C:\Users\Михаил\PycharmProjects\coursework_3\posts\posts_utils.py
2022-09-04 02:42:58,929 :: [INFO] :: Main page start :: C:\Users\Михаил\PycharmProjects\coursework_3\posts\posts_utils.py
2022-09-04 02:44:34,186 :: [INFO] :: Main page start :: C:\Users\Михаил\PycharmProjects\coursework_3\posts\posts_utils.py
2022-09-04 02:44:39,640 :: [INFO] :: Main page start :: C:\Users\Михаил\PycharmProjects\coursework_3\posts\posts_utils.py
2022-09-04 02:44:43,532 :: [INFO] :: Main page start :: C:\Users\Михаил\PycharmProjects\coursework_3\posts\posts_utils.py
2022-09-04 02:44:49,565 :: [INFO] :: Main page start :: C:\Users\Михаил\PycharmProjects\coursework_3\posts\posts_utils.py
2022-09-04 02:44:53,043 :: [INFO] :: Main page start :: C:\Users\Михаил\PycharmProjects\coursework_3\posts\posts_utils.py
2022-09-04 02:44:59,065 :: [INFO] :: Main page start :: C:\Users\Михаил\PycharmProjects\coursework_3\posts\posts_utils.py
2022-09-04 02:45:06,276 :: [INFO] :: Main page start :: C:\Users\Михаил\PycharmProjects\coursework_3\posts\posts_utils.py
2022-09-04 02:45:14,474 :: [INFO] :: Main page start :: C:\Users\Михаил\PycharmProjects\coursework_3\posts\posts_utils.py
2022-09-04 02:45:17,205 :: [INFO] :: Main page start :: C:\Users\Михаил\PycharmProjects\coursework_3\posts\posts_utils.py
2022-09-04 02:45:19,155 :: [INFO] :: Main page start :: C:\Users\Михаил\PycharmProjects\coursework_3\posts\posts_utils.py
2022-09-04 02:45:20,254 :: [INFO] :: Main page start :: C:\Users\Михаил\PycharmProjects\coursework_3\posts\posts_utils.py
2022-09-04 02:45:33,280 :: [INFO] :: Main page start :: C:\Users\Михаил\PycharmProjects\coursework_3\posts\posts_utils.py
2022-09-04 02:45:53,609 :: [INFO] :: Main page start :: C:\Users\Михаил\PycharmProjects\coursework_3\posts\posts_utils.py
2022-09-04 02:50:00,290 :: [INFO] :: Main page start :: C:\Users\Михаил\PycharmProjects\coursework_3\posts\posts_utils.py
2022-09-04 02:54:05,295 :: [INFO] :: Main page start :: C:\Users\Михаил\PycharmProjects\coursework_3\posts\posts_utils.py
2022-09-04 02:54:10,509 :: [INFO] :: Post with name :: C:\Users\Михаил\PycharmProjects\coursework_3\posts\posts_utils.py
2022-09-04 02:54:12,516 :: [INFO] :: Main page start :: C:\Users\Михаил\PycharmProjects\coursework_3\posts\posts_utils.py
2022-09-04 02:54:16,756 :: [INFO] :: Main page start :: C:\Users\Михаил\PycharmProjects\coursework_3\posts\posts_utils.py
2022-09-04 02:54:19,448 :: [INFO] :: Main page start :: C:\Users\Михаил\PycharmProjects\coursework_3\posts\posts_utils.py
2022-09-04 13:05:09,359 :: [INFO] :: Main page start :: C:\Users\Михаил\PycharmProjects\coursework_3\posts\posts_views.py
2022-09-04 13:05:13,075 :: [INFO] :: Post with name :: C:\Users\Михаил\PycharmProjects\coursework_3\posts\posts_views.py
2022-09-04 13:05:17,062 :: [INFO] :: Posts with PK :: C:\Users\Михаил\PycharmProjects\coursework_3\posts\posts_views.py
2022-09-04 13:05:21,904 :: [INFO] :: Post with name :: C:\Users\Михаил\PycharmProjects\coursework_3\posts\posts_views.py
2022-09-04 13:05:24,558 :: [INFO] :: Main page start :: C:\Users\Михаил\PycharmProjects\coursework_3\posts\posts_views.py
2022-09-04 13:05:29,245 :: [INFO] :: Main page start :: C:\Users\Михаил\PycharmProjects\coursework_3\posts\posts_views.py
2022-09-04 13:05:31,030 :: [INFO] :: Main page start :: C:\Users\Михаил\PycharmProjects\coursework_3\posts\posts_views.py
2022-09-04 13:05:35,894 :: [INFO] :: Main page start :: C:\Users\Михаил\PycharmProjects\coursework_3\posts\posts_views.py
2022-09-04 16:17:21,908 :: [INFO] :: Main page start :: C:\Users\Михаил\PycharmProjects\coursework_3\posts\posts_views.py
2022-09-04 16:17:29,182 :: [INFO] :: Main page start :: C:\Users\Михаил\PycharmProjects\coursework_3\posts\posts_views.py
2022-09-04 16:17:34,664 :: [INFO] :: Main page start :: C:\Users\Михаил\PycharmProjects\coursework_3\posts\posts_views.py
2022-09-04 16:17:36,471 :: [INFO] :: Main page start :: C:\Users\Михаил\PycharmProjects\coursework_3\posts\posts_views.py
2022-09-04 16:18:00,965 :: [INFO] :: Main page start :: C:\Users\Михаил\PycharmProjects\coursework_3\posts\posts_views.py
2022-09-04 16:19:20,096 :: [INFO] :: Posts with PK :: C:\Users\Михаил\PycharmProjects\coursework_3\posts\posts_views.py
2022-09-05 00:57:16,526 :: [INFO] :: Main page start :: C:\Users\Михаил\PycharmProjects\coursework_3\posts\posts_views.py
2022-09-05 00:57:30,035 :: [INFO] :: Main page start :: C:\Users\Михаил\PycharmProjects\coursework_3\posts\posts_views.py
2022-09-05 00:58:31,817 :: [INFO] :: Main page start :: C:\Users\Михаил\PycharmProjects\coursework_3\posts\posts_views.py
2022-09-07 22:59:45,383 :: [INFO] :: Main page start :: C:\Users\Михаил\PycharmProjects\coursework_3\app\posts\posts_views.py
2022-09-07 22:59:47,923 :: [INFO] :: Post with name :: C:\Users\Михаил\PycharmProjects\coursework_3\app\posts\posts_views.py
2022-09-07 22:59:50,391 :: [INFO] :: Posts with PK :: C:\Users\Михаил\PycharmProjects\coursework_3\app\posts\posts_views.py
2022-09-07 22:59:51,900 :: [INFO] :: Main page start :: C:\Users\Михаил\PycharmProjects\coursework_3\app\posts\posts_views.py
2022-09-07 22:59:56,115 :: [INFO] :: Main page start :: C:\Users\Михаил\PycharmProjects\coursework_3\app\posts\posts_views.py
2022-09-07 23:00:01,812 :: [INFO] :: Main page start :: C:\Users\Михаил\PycharmProjects\coursework_3\app\posts\posts_views.py
2022-09-07 23:01:35,704 :: [INFO] :: Main page start :: C:\Users\Михаил\PycharmProjects\coursework_3\app\posts\posts_views.py
2022-09-07 23:01:38,541 :: [INFO] :: Main page start :: C:\Users\Михаил\PycharmProjects\coursework_3\app\posts\posts_views.py
2022-09-07 23:01:43,267 :: [INFO] :: Posts with PK :: C:\Users\Михаил\PycharmProjects\coursework_3\app\posts\posts_views.py
2022-09-07 23:01:46,764 :: [INFO] :: Main page start :: C:\Users\Михаил\PycharmProjects\coursework_3\app\posts\posts_views.py
2022-09-07 23:01:48,328 :: [INFO] :: Main page start :: C:\Users\Михаил\PycharmProjects\coursework_3\app\posts\posts_views.py
2022-09-09 14:58:13,957 :: [INFO] :: Main page start :: C:\Users\Михаил\PycharmProjects\coursework_3\app\posts\posts_views.py
2022-09-09 14:58:51,627 :: [INFO] :: Main page start :: C:\Users\Михаил\PycharmProjects\coursework_3\app\posts\posts_views.py
2022-09-09 14:58:53,052 :: [INFO] :: Main page start :: C:\Users\Михаил\PycharmProjects\coursework_3\app\posts\posts_views.py
2022-09-09 15:01:24,438 :: [INFO] :: Main page start :: C:\Users\Михаил\PycharmProjects\coursework_3\app\posts\posts_views.py
2022-09-09 15:01:42,611 :: [INFO] :: Main page start :: C:\Users\Михаил\PycharmProjects\coursework_3\app\posts\posts_views.py
2022-09-09 15:02:00,025 :: [INFO] :: Main page start :: C:\Users\Михаил\PycharmProjects\coursework_3\app\posts\posts_views.py
2022-09-09 15:03:01,638 :: [INFO] :: Main page start :: C:\Users\Михаил\PycharmProjects\coursework_3\app\posts\posts_views.py
2022-09-09 15:03:07,612 :: [INFO] :: Post with name :: C:\Users\Михаил\PycharmProjects\coursework_3\app\posts\posts_views.py
2022-09-09 15:30:08,449 :: [INFO] :: Main page start :: C:\Users\Михаил\PycharmProjects\coursework_3\app\posts\posts_views.py
2022-09-09 15:30:11,938 :: [INFO] :: Posts with PK :: C:\Users\Михаил\PycharmProjects\coursework_3\app\posts\posts_views.py
2022-09-09 15:30:16,818 :: [INFO] :: Main page start :: C:\Users\Михаил\PycharmProjects\coursework_3\app\posts\posts_views.py
2022-09-09 15:38:58,907 :: [INFO] :: Main page start :: C:\Users\Михаил\PycharmProjects\coursework_3\app\posts\posts_views.py
2022-09-09 15:39:42,933 :: [INFO] :: Main page start :: C:\Users\Михаил\PycharmProjects\coursework_3\app\posts\posts_views.py
2022-09-09 15:43:45,889 :: [INFO] :: Main page start :: C:\Users\Михаил\PycharmProjects\coursework_3\app\posts\posts_views.py
2022-09-09 16:24:55,714 :: [INFO] :: Main page start :: C:\Users\Михаил\PycharmProjects\coursework_3\app\posts\posts_views.py
2022-09-09 16:48:25,261 :: [INFO] :: Main page start :: C:\Users\Михаил\PycharmProjects\coursework_3\app\posts\posts_views.py
2022-09-09 16:48:29,425 :: [INFO] :: Post with name :: C:\Users\Михаил\PycharmProjects\coursework_3\app\posts\posts_views.py
2022-09-09 16:48:31,322 :: [INFO] :: Posts with PK :: C:\Users\Михаил\PycharmProjects\coursework_3\app\posts\posts_views.py
2022-09-09 16:48:34,160 :: [INFO] :: Main page start :: C:\Users\Михаил\PycharmProjects\coursework_3\app\posts\posts_views.py
2022-09-09 16:48:37,100 :: [INFO] :: Main page start :: C:\Users\Михаил\PycharmProjects\coursework_3\app\posts\posts_views.py
2022-09-09 16:48:39,363 :: [INFO] :: Posts with PK :: C:\Users\Михаил\PycharmProjects\coursework_3\app\posts\posts_views.py
2022-09-09 16:48:43,972 :: [INFO] :: Main page start :: C:\Users\Михаил\PycharmProjects\coursework_3\app\posts\posts_views.py
2022-09-09 16:48:48,286 :: [INFO] :: Main page start :: C:\Users\Михаил\PycharmProjects\coursework_3\app\posts\posts_views.py
2022-09-09 22:00:10,035 :: [INFO] :: Main page start :: C:\Users\Михаил\PycharmProjects\coursework_3\app\posts\posts_views.py
2022-09-09 22:00:12,701 :: [INFO] :: Main page start :: C:\Users\Михаил\PycharmProjects\coursework_3\app\posts\posts_views.py
2022-09-09 22:00:18,266 :: [INFO] :: Posts with PK :: C:\Users\Михаил\PycharmProjects\coursework_3\app\posts\posts_views.py
2022-09-09 22:00:20,687 :: [INFO] :: Main page start :: C:\Users\Михаил\PycharmProjects\coursework_3\app\posts\posts_views.py
2022-09-09 22:00:33,978 :: [INFO] :: Main page start :: C:\Users\Михаил\PycharmProjects\coursework_3\app\posts\posts_views.py
2022-09-09 22:00:37,784 :: [INFO] :: Main page start :: C:\Users\Михаил\PycharmProjects\coursework_3\app\posts\posts_views.py
2022-09-19 21:51:13,084 :: [INFO] :: Main page start :: C:\Users\Михаил\PycharmProjects\coursework_3\app\posts\posts_views.py
2022-09-19 21:51:47,065 :: [INFO] :: Post with name :: C:\Users\Михаил\PycharmProjects\coursework_3\app\posts\posts_views.py
2022-09-19 21:51:49,404 :: [INFO] :: Posts with PK :: C:\Users\Михаил\PycharmProjects\coursework_3\app\posts\posts_views.py
2022-09-19 21:51:53,252 :: [INFO] :: Main page start :: C:\Users\Михаил\PycharmProjects\coursework_3\app\posts\posts_views.py
2022-09-19 22:48:32,759 :: [INFO] :: Main page start :: C:\Users\Михаил\PycharmProjects\coursework_3\app\posts\posts_views.py
2022-09-19 22:48:35,098 :: [INFO] :: Post with name :: C:\Users\Михаил\PycharmProjects\coursework_3\app\posts\posts_views.py
2022-09-19 22:48:38,934 :: [INFO] :: Posts with PK :: C:\Users\Михаил\PycharmProjects\coursework_3\app\posts\posts_views.py
2022-09-19 22:50:41,269 :: [INFO] :: Main page start :: C:\Users\Михаил\PycharmProjects\coursework_3\app\posts\posts_views.py
2022-09-19 22:50:52,854 :: [INFO] :: Main page start :: C:\Users\Михаил\PycharmProjects\coursework_3\app\posts\posts_views.py
2022-09-19 22:52:16,212 :: [INFO] :: Main page start :: C:\Users\Михаил\PycharmProjects\coursework_3\app\posts\posts_views.py
2022-09-19 23:05:49,055 :: [INFO] :: Main page start :: C:\Users\Михаил\PycharmProjects\coursework_3\app\posts\posts_views.py
2022-09-19 23:06:32,431 :: [INFO] :: Main page start :: C:\Users\Михаил\PycharmProjects\coursework_3\app\posts\posts_views.py
2022-09-19 23:07:04,285 :: [INFO] :: Main page start :: C:\Users\Михаил\PycharmProjects\coursework_3\app\posts\posts_views.py
2022-09-19 23:07:20,116 :: [INFO] :: Main page start :: C:\Users\Михаил\PycharmProjects\coursework_3\app\posts\posts_views.py
2022-09-19 23:07:25,425 :: [INFO] :: Posts with PK :: C:\Users\Михаил\PycharmProjects\coursework_3\app\posts\posts_views.py
2022-09-19 23:07:44,248 :: [INFO] :: Posts with PK :: C:\Users\Михаил\PycharmProjects\coursework_3\app\posts\posts_views.py
2022-09-19 23:07:50,218 :: [INFO] :: Main page start :: C:\Users\Михаил\PycharmProjects\coursework_3\app\posts\posts_views.py
2022-09-19 23:07:54,237 :: [INFO] :: Main page start :: C:\Users\Михаил\PycharmProjects\coursework_3\app\posts\posts_views.py
2022-09-19 23:08:10,513 :: [INFO] :: Main page start :: C:\Users\Михаил\PycharmProjects\coursework_3\app\posts\posts_views.py
2022-09-19 23:08:17,162 :: [INFO] :: Main page start :: C:\Users\Михаил\PycharmProjects\coursework_3\app\posts\posts_views.py
